  MainGame.cpp
c:\users\ricky\documents\visual studio 2015\projects\graphictutorials\zombiegame\maingame.cpp(29): warning C4018: “<”: 有符号/无符号不匹配
c:\users\ricky\documents\visual studio 2015\projects\graphictutorials\zombiegame\maingame.cpp(32): warning C4018: “<”: 有符号/无符号不匹配
c:\users\ricky\documents\visual studio 2015\projects\graphictutorials\zombiegame\maingame.cpp(36): warning C4018: “<”: 有符号/无符号不匹配
c:\users\ricky\documents\visual studio 2015\projects\graphictutorials\zombiegame\maingame.cpp(71): warning C4244: “参数”: 从“time_t”转换到“unsigned int”，可能丢失数据
c:\users\ricky\documents\visual studio 2015\projects\graphictutorials\zombiegame\maingame.cpp(85): warning C4018: “<”: 有符号/无符号不匹配
c:\users\ricky\documents\visual studio 2015\projects\graphictutorials\zombiegame\maingame.cpp(144): warning C4018: “<”: 有符号/无符号不匹配
c:\users\ricky\documents\visual studio 2015\projects\graphictutorials\zombiegame\maingame.cpp(148): warning C4018: “<”: 有符号/无符号不匹配
c:\users\ricky\documents\visual studio 2015\projects\graphictutorials\zombiegame\maingame.cpp(152): warning C4018: “<”: 有符号/无符号不匹配
c:\users\ricky\documents\visual studio 2015\projects\graphictutorials\zombiegame\maingame.cpp(153): warning C4018: “<”: 有符号/无符号不匹配
c:\users\ricky\documents\visual studio 2015\projects\graphictutorials\zombiegame\maingame.cpp(159): warning C4018: “<”: 有符号/无符号不匹配
c:\users\ricky\documents\visual studio 2015\projects\graphictutorials\zombiegame\maingame.cpp(160): warning C4018: “<”: 有符号/无符号不匹配
c:\users\ricky\documents\visual studio 2015\projects\graphictutorials\zombiegame\maingame.cpp(165): warning C4018: “<”: 有符号/无符号不匹配
c:\users\ricky\documents\visual studio 2015\projects\graphictutorials\zombiegame\maingame.cpp(192): warning C4018: “<”: 有符号/无符号不匹配
c:\users\ricky\documents\visual studio 2015\projects\graphictutorials\zombiegame\maingame.cpp(205): warning C4018: “<”: 有符号/无符号不匹配
c:\users\ricky\documents\visual studio 2015\projects\graphictutorials\zombiegame\maingame.cpp(208): warning C4018: “<”: 有符号/无符号不匹配
c:\users\ricky\documents\visual studio 2015\projects\graphictutorials\zombiegame\maingame.cpp(237): warning C4018: “<”: 有符号/无符号不匹配
c:\users\ricky\documents\visual studio 2015\projects\graphictutorials\zombiegame\maingame.cpp(290): warning C4244: “参数”: 从“Sint32”转换到“float”，可能丢失数据
c:\users\ricky\documents\visual studio 2015\projects\graphictutorials\zombiegame\maingame.cpp(332): warning C4018: “<”: 有符号/无符号不匹配
c:\users\ricky\documents\visual studio 2015\projects\graphictutorials\zombiegame\maingame.cpp(335): warning C4018: “<”: 有符号/无符号不匹配
c:\users\ricky\documents\visual studio 2015\projects\graphictutorials\zombiegame\maingame.cpp(340): warning C4018: “<”: 有符号/无符号不匹配
  ZombieGame.vcxproj -> C:\Users\Ricky\Documents\Visual Studio 2015\Projects\graphicTutorials\Debug\ZombieGame.exe
  ZombieGame.vcxproj -> C:\Users\Ricky\Documents\Visual Studio 2015\Projects\graphicTutorials\Debug\ZombieGame.pdb (Partial PDB)
