  MainGame.cpp
MainGame.cpp(29): warning C4018: “<”: 有符号/无符号不匹配
MainGame.cpp(32): warning C4018: “<”: 有符号/无符号不匹配
MainGame.cpp(36): warning C4018: “<”: 有符号/无符号不匹配
MainGame.cpp(71): warning C4244: “参数”: 从“time_t”转换到“unsigned int”，可能丢失数据
MainGame.cpp(85): warning C4018: “<”: 有符号/无符号不匹配
MainGame.cpp(142): warning C4018: “<”: 有符号/无符号不匹配
MainGame.cpp(146): warning C4018: “<”: 有符号/无符号不匹配
MainGame.cpp(150): warning C4018: “<”: 有符号/无符号不匹配
MainGame.cpp(151): warning C4018: “<”: 有符号/无符号不匹配
MainGame.cpp(157): warning C4018: “<”: 有符号/无符号不匹配
MainGame.cpp(158): warning C4018: “<”: 有符号/无符号不匹配
MainGame.cpp(163): warning C4018: “<”: 有符号/无符号不匹配
MainGame.cpp(190): warning C4018: “<”: 有符号/无符号不匹配
MainGame.cpp(203): warning C4018: “<”: 有符号/无符号不匹配
MainGame.cpp(206): warning C4018: “<”: 有符号/无符号不匹配
MainGame.cpp(235): warning C4018: “<”: 有符号/无符号不匹配
MainGame.cpp(288): warning C4244: “参数”: 从“Sint32”转换到“float”，可能丢失数据
MainGame.cpp(330): warning C4018: “<”: 有符号/无符号不匹配
MainGame.cpp(333): warning C4018: “<”: 有符号/无符号不匹配
MainGame.cpp(338): warning C4018: “<”: 有符号/无符号不匹配
  正在生成代码
  1 of 1828 functions ( 0.1%) were compiled, the rest were copied from previous compilation.
    0 functions were new in current compilation
    1 functions had inline decision re-evaluated but remain unchanged
  已完成代码的生成
  ZombieGame.vcxproj -> C:\Users\Ricky\Documents\Visual Studio 2015\Projects\graphicTutorials\Release\ZombieGame.exe
  ZombieGame.vcxproj -> C:\Users\Ricky\Documents\Visual Studio 2015\Projects\graphicTutorials\Release\ZombieGame.pdb (Full PDB)
